Start testing: Apr 23 16:02 CEST
----------------------------------------------------------
1/4 Testing: TestSumNaiveNumbers
1/4 Test: TestSumNaiveNumbers
Command: "/usr/bin/mpirun" "-n" "2" "/mnt/c/Users/olive/skola/Reproducible-power-method-in-parallel-environments/external/exblas-master/build/tests/test.exsum" "24"
Directory: /mnt/c/Users/olive/skola/Reproducible-power-method-in-parallel-environments/external/exblas-master/build/src/cpu/blas1
"TestSumNaiveNumbers" start time: Apr 23 16:02 CEST
Output:
----------------------------------------------------------
[proxy:0@Olivermeister] HYDU_create_process (lib/utils/launch.c:73): execvp error on file /mnt/c/Users/olive/skola/Reproducible-power-method-in-parallel-environments/external/exblas-master/build/tests/test.exsum (No such file or directory)
[proxy:0@Olivermeister] HYDU_create_process (lib/utils/launch.c:73): execvp error on file /mnt/c/Users/olive/skola/Reproducible-power-method-in-parallel-environments/external/exblas-master/build/tests/test.exsum (No such file or directory)
<end of output>
Test time =   0.01 sec
----------------------------------------------------------
Test Fail Reason:
Required regular expression not found. Regex=[TestPassed
 All OK!
]
"TestSumNaiveNumbers" end time: Apr 23 16:02 CEST
"TestSumNaiveNumbers" time elapsed: 00:00:00
----------------------------------------------------------

2/4 Testing: TestSumStdDynRange
2/4 Test: TestSumStdDynRange
Command: "/usr/bin/mpirun" "-n" "2" "/mnt/c/Users/olive/skola/Reproducible-power-method-in-parallel-environments/external/exblas-master/build/tests/test.exsum" "24" "2" "0" "n"
Directory: /mnt/c/Users/olive/skola/Reproducible-power-method-in-parallel-environments/external/exblas-master/build/src/cpu/blas1
"TestSumStdDynRange" start time: Apr 23 16:02 CEST
Output:
----------------------------------------------------------
[proxy:0@Olivermeister] HYDU_create_process (lib/utils/launch.c:73): execvp error on file /mnt/c/Users/olive/skola/Reproducible-power-method-in-parallel-environments/external/exblas-master/build/tests/test.exsum (No such file or directory)
[proxy:0@Olivermeister] HYDU_create_process (lib/utils/launch.c:73): execvp error on file /mnt/c/Users/olive/skola/Reproducible-power-method-in-parallel-environments/external/exblas-master/build/tests/test.exsum (No such file or directory)
<end of output>
Test time =   0.00 sec
----------------------------------------------------------
Test Fail Reason:
Required regular expression not found. Regex=[TestPassed
 All OK!
]
"TestSumStdDynRange" end time: Apr 23 16:02 CEST
"TestSumStdDynRange" time elapsed: 00:00:00
----------------------------------------------------------

3/4 Testing: TestSumLargeDynRange
3/4 Test: TestSumLargeDynRange
Command: "/usr/bin/mpirun" "-n" "2" "/mnt/c/Users/olive/skola/Reproducible-power-method-in-parallel-environments/external/exblas-master/build/tests/test.exsum" "24" "50" "0" "n"
Directory: /mnt/c/Users/olive/skola/Reproducible-power-method-in-parallel-environments/external/exblas-master/build/src/cpu/blas1
"TestSumLargeDynRange" start time: Apr 23 16:02 CEST
Output:
----------------------------------------------------------
[proxy:0@Olivermeister] HYDU_create_process (lib/utils/launch.c:73): execvp error on file /mnt/c/Users/olive/skola/Reproducible-power-method-in-parallel-environments/external/exblas-master/build/tests/test.exsum (No such file or directory)
[proxy:0@Olivermeister] HYDU_create_process (lib/utils/launch.c:73): execvp error on file /mnt/c/Users/olive/skola/Reproducible-power-method-in-parallel-environments/external/exblas-master/build/tests/test.exsum (No such file or directory)
<end of output>
Test time =   0.00 sec
----------------------------------------------------------
Test Fail Reason:
Required regular expression not found. Regex=[TestPassed
 All OK!
]
"TestSumLargeDynRange" end time: Apr 23 16:02 CEST
"TestSumLargeDynRange" time elapsed: 00:00:00
----------------------------------------------------------

4/4 Testing: TestSumIllConditioned
4/4 Test: TestSumIllConditioned
Command: "/usr/bin/mpirun" "-n" "2" "/mnt/c/Users/olive/skola/Reproducible-power-method-in-parallel-environments/external/exblas-master/build/tests/test.exsum" "24" "1e+50" "0" "i"
Directory: /mnt/c/Users/olive/skola/Reproducible-power-method-in-parallel-environments/external/exblas-master/build/src/cpu/blas1
"TestSumIllConditioned" start time: Apr 23 16:02 CEST
Output:
----------------------------------------------------------
[proxy:0@Olivermeister] HYDU_create_process (lib/utils/launch.c:73): execvp error on file /mnt/c/Users/olive/skola/Reproducible-power-method-in-parallel-environments/external/exblas-master/build/tests/test.exsum (No such file or directory)
[proxy:0@Olivermeister] HYDU_create_process (lib/utils/launch.c:73): execvp error on file /mnt/c/Users/olive/skola/Reproducible-power-method-in-parallel-environments/external/exblas-master/build/tests/test.exsum (No such file or directory)
<end of output>
Test time =   0.01 sec
----------------------------------------------------------
Test Fail Reason:
Required regular expression not found. Regex=[TestPassed
 All OK!
]
"TestSumIllConditioned" end time: Apr 23 16:02 CEST
"TestSumIllConditioned" time elapsed: 00:00:00
----------------------------------------------------------

End testing: Apr 23 16:02 CEST
